# JRE version: OpenJDK Runtime Environment (8.0_152-b02) (build 1.8.0_152-release-1024-b02)
# Java VM: OpenJDK 64-Bit Server VM (25.152-b02 mixed mode windows-amd64 compressed oops)
Heap:
 PSYoungGen      total 379904K, used 229876K [0x00000000e0000000, 0x00000000fdb80000, 0x0000000100000000)
  eden space 292352K, 58% used [0x00000000e0000000,0x00000000ea7fdab8,0x00000000f1d80000)
  from space 87552K, 66% used [0x00000000f8600000,0x00000000fbe7f938,0x00000000fdb80000)
  to   space 97280K, 0% used [0x00000000f1d80000,0x00000000f1d80000,0x00000000f7c80000)
 ParOldGen       total 262144K, used 144469K [0x00000000a0000000, 0x00000000b0000000, 0x00000000e0000000)
  object space 262144K, 55% used [0x00000000a0000000,0x00000000a8d156e0,0x00000000b0000000)
 Metaspace       used 89474K, capacity 94956K, committed 95144K, reserved 1132544K
  class space    used 11493K, capacity 12604K, committed 12720K, reserved 1048576K
GC Heap History (10 events):
Event: 879.300 GC heap before
{Heap before GC invocations=23 (full 3):
 PSYoungGen      total 391680K, used 391169K [0x00000000e0000000, 0x00000000fed00000, 0x0000000100000000)
  eden space 332800K, 100% used [0x00000000e0000000,0x00000000f4500000,0x00000000f4500000)
  from space 58880K, 99% used [0x00000000f4f80000,0x00000000f8880550,0x00000000f8900000)
  to   space 86016K, 0% used [0x00000000f9900000,0x00000000f9900000,0x00000000fed00000)
 ParOldGen       total 262144K, used 144429K [0x00000000a0000000, 0x00000000b0000000, 0x00000000e0000000)
  object space 262144K, 55% used [0x00000000a0000000,0x00000000a8d0b6e0,0x00000000b0000000)
 Metaspace       used 81699K, capacity 86418K, committed 86440K, reserved 1124352K
  class space    used 10703K, capacity 11687K, committed 11696K, reserved 1048576K
Event: 879.338 GC heap after
Heap after GC invocations=23 (full 3):
 PSYoungGen      total 406016K, used 85699K [0x00000000e0000000, 0x0000000100000000, 0x0000000100000000)
  eden space 320000K, 0% used [0x00000000e0000000,0x00000000e0000000,0x00000000f3880000)
  from space 86016K, 99% used [0x00000000f9900000,0x00000000fecb0fc0,0x00000000fed00000)
  to   space 98816K, 0% used [0x00000000f3880000,0x00000000f3880000,0x00000000f9900000)
 ParOldGen       total 262144K, used 144437K [0x00000000a0000000, 0x00000000b0000000, 0x00000000e0000000)
  object space 262144K, 55% used [0x00000000a0000000,0x00000000a8d0d6e0,0x00000000b0000000)
 Metaspace       used 81699K, capacity 86418K, committed 86440K, reserved 1124352K
  class space    used 10703K, capacity 11687K, committed 11696K, reserved 1048576K
}
Event: 881.310 GC heap before
{Heap before GC invocations=24 (full 3):
 PSYoungGen      total 406016K, used 403712K [0x00000000e0000000, 0x0000000100000000, 0x0000000100000000)
  eden space 320000K, 99% used [0x00000000e0000000,0x00000000f368f400,0x00000000f3880000)
  from space 86016K, 99% used [0x00000000f9900000,0x00000000fecb0fc0,0x00000000fed00000)
  to   space 98816K, 0% used [0x00000000f3880000,0x00000000f3880000,0x00000000f9900000)
 ParOldGen       total 262144K, used 144437K [0x00000000a0000000, 0x00000000b0000000, 0x00000000e0000000)
  object space 262144K, 55% used [0x00000000a0000000,0x00000000a8d0d6e0,0x00000000b0000000)
 Metaspace       used 81764K, capacity 86482K, committed 86696K, reserved 1124352K
  class space    used 10704K, capacity 11687K, committed 11696K, reserved 1048576K
Event: 881.337 GC heap after
Heap after GC invocations=24 (full 3):
 PSYoungGen      total 418816K, used 62488K [0x00000000e0000000, 0x0000000100000000, 0x0000000100000000)
  eden space 320000K, 0% used [0x00000000e0000000,0x00000000e0000000,0x00000000f3880000)
  from space 98816K, 63% used [0x00000000f3880000,0x00000000f75862c0,0x00000000f9900000)
  to   space 100352K, 0% used [0x00000000f9e00000,0x00000000f9e00000,0x0000000100000000)
 ParOldGen       total 262144K, used 144445K [0x00000000a0000000, 0x00000000b0000000, 0x00000000e0000000)
  object space 262144K, 55% used [0x00000000a0000000,0x00000000a8d0f6e0,0x00000000b0000000)
 Metaspace       used 81764K, capacity 86482K, committed 86696K, reserved 1124352K
  class space    used 10704K, capacity 11687K, committed 11696K, reserved 1048576K
}
Event: 1892.600 GC heap before
{Heap before GC invocations=25 (full 3):
 PSYoungGen      total 418816K, used 382488K [0x00000000e0000000, 0x0000000100000000, 0x0000000100000000)
  eden space 320000K, 100% used [0x00000000e0000000,0x00000000f3880000,0x00000000f3880000)
  from space 98816K, 63% used [0x00000000f3880000,0x00000000f75862c0,0x00000000f9900000)
  to   space 100352K, 0% used [0x00000000f9e00000,0x00000000f9e00000,0x0000000100000000)
 ParOldGen       total 262144K, used 144445K [0x00000000a0000000, 0x00000000b0000000, 0x00000000e0000000)
  object space 262144K, 55% used [0x00000000a0000000,0x00000000a8d0f6e0,0x00000000b0000000)
 Metaspace       used 82545K, capacity 87436K, committed 87592K, reserved 1124352K
  class space    used 10740K, capacity 11750K, committed 11824K, reserved 1048576K
Event: 1892.662 GC heap after
Heap after GC invocations=25 (full 3):
 PSYoungGen      total 396288K, used 59080K [0x00000000e0000000, 0x00000000ff200000, 0x0000000100000000)
  eden space 310272K, 0% used [0x00000000e0000000,0x00000000e0000000,0x00000000f2f00000)
  from space 86016K, 68% used [0x00000000f9e00000,0x00000000fd7b2000,0x00000000ff200000)
  to   space 99840K, 0% used [0x00000000f2f00000,0x00000000f2f00000,0x00000000f9080000)
 ParOldGen       total 262144K, used 144453K [0x00000000a0000000, 0x00000000b0000000, 0x00000000e0000000)
  object space 262144K, 55% used [0x00000000a0000000,0x00000000a8d116e0,0x00000000b0000000)
 Metaspace       used 82545K, capacity 87436K, committed 87592K, reserved 1124352K
  class space    used 10740K, capacity 11750K, committed 11824K, reserved 1048576K
}
Event: 2014.847 GC heap before
{Heap before GC invocations=26 (full 3):
 PSYoungGen      total 396288K, used 369352K [0x00000000e0000000, 0x00000000ff200000, 0x0000000100000000)
  eden space 310272K, 100% used [0x00000000e0000000,0x00000000f2f00000,0x00000000f2f00000)
  from space 86016K, 68% used [0x00000000f9e00000,0x00000000fd7b2000,0x00000000ff200000)
  to   space 99840K, 0% used [0x00000000f2f00000,0x00000000f2f00000,0x00000000f9080000)
 ParOldGen       total 262144K, used 144453K [0x00000000a0000000, 0x00000000b0000000, 0x00000000e0000000)
  object space 262144K, 55% used [0x00000000a0000000,0x00000000a8d116e0,0x00000000b0000000)
 Metaspace       used 83994K, capacity 89070K, committed 89256K, reserved 1126400K
  class space    used 10847K, capacity 11899K, committed 11952K, reserved 1048576K
Event: 2014.898 GC heap after
Heap after GC invocations=26 (full 3):
 PSYoungGen      total 357888K, used 56703K [0x00000000e0000000, 0x00000000fe600000, 0x0000000100000000)
  eden space 301056K, 0% used [0x00000000e0000000,0x00000000e0000000,0x00000000f2600000)
  from space 56832K, 99% used [0x00000000f2f00000,0x00000000f665fdc8,0x00000000f6680000)
  to   space 98304K, 0% used [0x00000000f8600000,0x00000000f8600000,0x00000000fe600000)
 ParOldGen       total 262144K, used 144461K [0x00000000a0000000, 0x00000000b0000000, 0x00000000e0000000)
  object space 262144K, 55% used [0x00000000a0000000,0x00000000a8d136e0,0x00000000b0000000)
 Metaspace       used 83994K, capacity 89070K, committed 89256K, reserved 1126400K
  class space    used 10847K, capacity 11899K, committed 11952K, reserved 1048576K
}
Event: 2054.593 GC heap before
{Heap before GC invocations=27 (full 3):
 PSYoungGen      total 357888K, used 357759K [0x00000000e0000000, 0x00000000fe600000, 0x0000000100000000)
  eden space 301056K, 100% used [0x00000000e0000000,0x00000000f2600000,0x00000000f2600000)
  from space 56832K, 99% used [0x00000000f2f00000,0x00000000f665fdc8,0x00000000f6680000)
  to   space 98304K, 0% used [0x00000000f8600000,0x00000000f8600000,0x00000000fe600000)
 ParOldGen       total 262144K, used 144461K [0x00000000a0000000, 0x00000000b0000000, 0x00000000e0000000)
  object space 262144K, 55% used [0x00000000a0000000,0x00000000a8d136e0,0x00000000b0000000)
 Metaspace       used 89036K, capacity 94188K, committed 94504K, reserved 1130496K
  class space    used 11446K, capacity 12494K, committed 12592K, reserved 1048576K
Event: 2054.650 GC heap after
Heap after GC invocations=27 (full 3):
 PSYoungGen      total 379904K, used 57854K [0x00000000e0000000, 0x00000000fdb80000, 0x0000000100000000)
  eden space 292352K, 0% used [0x00000000e0000000,0x00000000e0000000,0x00000000f1d80000)
  from space 87552K, 66% used [0x00000000f8600000,0x00000000fbe7f938,0x00000000fdb80000)
  to   space 97280K, 0% used [0x00000000f1d80000,0x00000000f1d80000,0x00000000f7c80000)
 ParOldGen       total 262144K, used 144469K [0x00000000a0000000, 0x00000000b0000000, 0x00000000e0000000)
  object space 262144K, 55% used [0x00000000a0000000,0x00000000a8d156e0,0x00000000b0000000)
 Metaspace       used 89036K, capacity 94188K, committed 94504K, reserved 1130496K
  class space    used 11446K, capacity 12494K, committed 12592K, reserved 1048576K
}

