# JRE version: OpenJDK Runtime Environment (8.0_152-b02) (build 1.8.0_152-release-1024-b02)
# Java VM: OpenJDK 64-Bit Server VM (25.152-b02 mixed mode windows-amd64 compressed oops)
Heap:
 PSYoungGen      total 459776K, used 74033K [0x00000000e0000000, 0x0000000100000000, 0x0000000100000000)
  eden space 395264K, 11% used [0x00000000e0000000,0x00000000e2adacd0,0x00000000f8200000)
  from space 64512K, 46% used [0x00000000f8200000,0x00000000f9f71948,0x00000000fc100000)
  to   space 61952K, 0% used [0x00000000fc380000,0x00000000fc380000,0x0000000100000000)
 ParOldGen       total 250880K, used 150097K [0x00000000a0000000, 0x00000000af500000, 0x00000000e0000000)
  object space 250880K, 59% used [0x00000000a0000000,0x00000000a9294640,0x00000000af500000)
 Metaspace       used 79994K, capacity 84252K, committed 84480K, reserved 1122304K
  class space    used 10540K, capacity 11442K, committed 11520K, reserved 1048576K
GC Heap History (10 events):
Event: 58.729 GC heap before
{Heap before GC invocations=16 (full 3):
 PSYoungGen      total 358400K, used 352374K [0x00000000e0000000, 0x00000000f7880000, 0x0000000100000000)
  eden space 333312K, 100% used [0x00000000e0000000,0x00000000f4580000,0x00000000f4580000)
  from space 25088K, 75% used [0x00000000f6000000,0x00000000f729d828,0x00000000f7880000)
  to   space 26112K, 0% used [0x00000000f4580000,0x00000000f4580000,0x00000000f5f00000)
 ParOldGen       total 250880K, used 45351K [0x00000000a0000000, 0x00000000af500000, 0x00000000e0000000)
  object space 250880K, 18% used [0x00000000a0000000,0x00000000a2c49f20,0x00000000af500000)
 Metaspace       used 60925K, capacity 63362K, committed 63488K, reserved 1103872K
  class space    used 8279K, capacity 8926K, committed 8960K, reserved 1048576K
Event: 58.755 GC heap after
Heap after GC invocations=16 (full 3):
 PSYoungGen      total 359424K, used 26102K [0x00000000e0000000, 0x0000000100000000, 0x0000000100000000)
  eden space 333312K, 0% used [0x00000000e0000000,0x00000000e0000000,0x00000000f4580000)
  from space 26112K, 99% used [0x00000000f4580000,0x00000000f5efd850,0x00000000f5f00000)
  to   space 32256K, 0% used [0x00000000fe080000,0x00000000fe080000,0x0000000100000000)
 ParOldGen       total 250880K, used 53280K [0x00000000a0000000, 0x00000000af500000, 0x00000000e0000000)
  object space 250880K, 21% used [0x00000000a0000000,0x00000000a34083b0,0x00000000af500000)
 Metaspace       used 60925K, capacity 63362K, committed 63488K, reserved 1103872K
  class space    used 8279K, capacity 8926K, committed 8960K, reserved 1048576K
}
Event: 66.597 GC heap before
{Heap before GC invocations=17 (full 3):
 PSYoungGen      total 359424K, used 359414K [0x00000000e0000000, 0x0000000100000000, 0x0000000100000000)
  eden space 333312K, 100% used [0x00000000e0000000,0x00000000f4580000,0x00000000f4580000)
  from space 26112K, 99% used [0x00000000f4580000,0x00000000f5efd850,0x00000000f5f00000)
  to   space 32256K, 0% used [0x00000000fe080000,0x00000000fe080000,0x0000000100000000)
 ParOldGen       total 250880K, used 53280K [0x00000000a0000000, 0x00000000af500000, 0x00000000e0000000)
  object space 250880K, 21% used [0x00000000a0000000,0x00000000a34083b0,0x00000000af500000)
 Metaspace       used 65945K, capacity 69110K, committed 69120K, reserved 1107968K
  class space    used 8971K, capacity 9723K, committed 9728K, reserved 1048576K
Event: 66.637 GC heap after
Heap after GC invocations=17 (full 3):
 PSYoungGen      total 480768K, used 31892K [0x00000000e0000000, 0x0000000100000000, 0x0000000100000000)
  eden space 448512K, 0% used [0x00000000e0000000,0x00000000e0000000,0x00000000fb600000)
  from space 32256K, 98% used [0x00000000fe080000,0x00000000fffa50b8,0x0000000100000000)
  to   space 36352K, 0% used [0x00000000fb900000,0x00000000fb900000,0x00000000fdc80000)
 ParOldGen       total 250880K, used 61225K [0x00000000a0000000, 0x00000000af500000, 0x00000000e0000000)
  object space 250880K, 24% used [0x00000000a0000000,0x00000000a3bca400,0x00000000af500000)
 Metaspace       used 65945K, capacity 69110K, committed 69120K, reserved 1107968K
  class space    used 8971K, capacity 9723K, committed 9728K, reserved 1048576K
}
Event: 148.294 GC heap before
{Heap before GC invocations=18 (full 3):
 PSYoungGen      total 480768K, used 480404K [0x00000000e0000000, 0x0000000100000000, 0x0000000100000000)
  eden space 448512K, 100% used [0x00000000e0000000,0x00000000fb600000,0x00000000fb600000)
  from space 32256K, 98% used [0x00000000fe080000,0x00000000fffa50b8,0x0000000100000000)
  to   space 36352K, 0% used [0x00000000fb900000,0x00000000fb900000,0x00000000fdc80000)
 ParOldGen       total 250880K, used 61225K [0x00000000a0000000, 0x00000000af500000, 0x00000000e0000000)
  object space 250880K, 24% used [0x00000000a0000000,0x00000000a3bca400,0x00000000af500000)
 Metaspace       used 70098K, capacity 73832K, committed 74112K, reserved 1114112K
  class space    used 9453K, capacity 10294K, committed 10368K, reserved 1048576K
Event: 148.396 GC heap after
Heap after GC invocations=18 (full 3):
 PSYoungGen      total 487936K, used 36327K [0x00000000e0000000, 0x0000000100000000, 0x0000000100000000)
  eden space 451584K, 0% used [0x00000000e0000000,0x00000000e0000000,0x00000000fb900000)
  from space 36352K, 99% used [0x00000000fb900000,0x00000000fdc79cb0,0x00000000fdc80000)
  to   space 36352K, 0% used [0x00000000fdc80000,0x00000000fdc80000,0x0000000100000000)
 ParOldGen       total 250880K, used 133169K [0x00000000a0000000, 0x00000000af500000, 0x00000000e0000000)
  object space 250880K, 53% used [0x00000000a0000000,0x00000000a820c610,0x00000000af500000)
 Metaspace       used 70098K, capacity 73832K, committed 74112K, reserved 1114112K
  class space    used 9453K, capacity 10294K, committed 10368K, reserved 1048576K
}
Event: 196.340 GC heap before
{Heap before GC invocations=19 (full 3):
 PSYoungGen      total 487936K, used 487911K [0x00000000e0000000, 0x0000000100000000, 0x0000000100000000)
  eden space 451584K, 100% used [0x00000000e0000000,0x00000000fb900000,0x00000000fb900000)
  from space 36352K, 99% used [0x00000000fb900000,0x00000000fdc79cb0,0x00000000fdc80000)
  to   space 36352K, 0% used [0x00000000fdc80000,0x00000000fdc80000,0x0000000100000000)
 ParOldGen       total 250880K, used 133169K [0x00000000a0000000, 0x00000000af500000, 0x00000000e0000000)
  object space 250880K, 53% used [0x00000000a0000000,0x00000000a820c610,0x00000000af500000)
 Metaspace       used 75142K, capacity 79292K, committed 79488K, reserved 1118208K
  class space    used 9966K, capacity 10850K, committed 10880K, reserved 1048576K
Event: 196.426 GC heap after
Heap after GC invocations=19 (full 3):
 PSYoungGen      total 431616K, used 22965K [0x00000000e0000000, 0x0000000100000000, 0x0000000100000000)
  eden space 395264K, 0% used [0x00000000e0000000,0x00000000e0000000,0x00000000f8200000)
  from space 36352K, 63% used [0x00000000fdc80000,0x00000000ff2ed670,0x0000000100000000)
  to   space 64512K, 0% used [0x00000000f8200000,0x00000000f8200000,0x00000000fc100000)
 ParOldGen       total 250880K, used 150089K [0x00000000a0000000, 0x00000000af500000, 0x00000000e0000000)
  object space 250880K, 59% used [0x00000000a0000000,0x00000000a9292640,0x00000000af500000)
 Metaspace       used 75142K, capacity 79292K, committed 79488K, reserved 1118208K
  class space    used 9966K, capacity 10850K, committed 10880K, reserved 1048576K
}
Event: 213.326 GC heap before
{Heap before GC invocations=20 (full 3):
 PSYoungGen      total 431616K, used 418207K [0x00000000e0000000, 0x0000000100000000, 0x0000000100000000)
  eden space 395264K, 99% used [0x00000000e0000000,0x00000000f81fa918,0x00000000f8200000)
  from space 36352K, 63% used [0x00000000fdc80000,0x00000000ff2ed670,0x0000000100000000)
  to   space 64512K, 0% used [0x00000000f8200000,0x00000000f8200000,0x00000000fc100000)
 ParOldGen       total 250880K, used 150089K [0x00000000a0000000, 0x00000000af500000, 0x00000000e0000000)
  object space 250880K, 59% used [0x00000000a0000000,0x00000000a9292640,0x00000000af500000)
 Metaspace       used 79952K, capacity 84188K, committed 84480K, reserved 1122304K
  class space    used 10536K, capacity 11442K, committed 11520K, reserved 1048576K
Event: 213.357 GC heap after
Heap after GC invocations=20 (full 3):
 PSYoungGen      total 459776K, used 30150K [0x00000000e0000000, 0x0000000100000000, 0x0000000100000000)
  eden space 395264K, 0% used [0x00000000e0000000,0x00000000e0000000,0x00000000f8200000)
  from space 64512K, 46% used [0x00000000f8200000,0x00000000f9f71948,0x00000000fc100000)
  to   space 61952K, 0% used [0x00000000fc380000,0x00000000fc380000,0x0000000100000000)
 ParOldGen       total 250880K, used 150097K [0x00000000a0000000, 0x00000000af500000, 0x00000000e0000000)
  object space 250880K, 59% used [0x00000000a0000000,0x00000000a9294640,0x00000000af500000)
 Metaspace       used 79952K, capacity 84188K, committed 84480K, reserved 1122304K
  class space    used 10536K, capacity 11442K, committed 11520K, reserved 1048576K
}

